kotlin version: 2.0.21
error message: org.jetbrains.kotlin.backend.common.BackendException: Backend Internal error: Exception during IR lowering
File being compiled: D:/chitrini 2.0/app/src/main/java/com/jhacode/chitrini/ui/LandingScreen.kt
The root cause java.lang.RuntimeException was thrown at: org.jetbrains.kotlin.backend.jvm.codegen.FunctionCodegen.generate(FunctionCodegen.kt:47)
	at org.jetbrains.kotlin.backend.common.CodegenUtil.reportBackendException(CodegenUtil.kt:253)
	at org.jetbrains.kotlin.backend.common.CodegenUtil.reportBackendException$default(CodegenUtil.kt:236)
	at org.jetbrains.kotlin.backend.common.phaser.PerformByIrFilePhase.invokeSequential(performByIrFile.kt:65)
	at org.jetbrains.kotlin.backend.common.phaser.PerformByIrFilePhase.invoke(performByIrFile.kt:52)
	at org.jetbrains.kotlin.backend.common.phaser.PerformByIrFilePhase.invoke(performByIrFile.kt:38)
	at org.jetbrains.kotlin.backend.common.phaser.NamedCompilerPhase.phaseBody(CompilerPhase.kt:166)
	at org.jetbrains.kotlin.backend.common.phaser.AbstractNamedCompilerPhase.invoke(CompilerPhase.kt:113)
	at org.jetbrains.kotlin.backend.common.phaser.CompositePhase.invoke(PhaseBuilders.kt:27)
	at org.jetbrains.kotlin.backend.common.phaser.CompositePhase.invoke(PhaseBuilders.kt:14)
	at org.jetbrains.kotlin.backend.common.phaser.NamedCompilerPhase.phaseBody(CompilerPhase.kt:166)
	at org.jetbrains.kotlin.backend.common.phaser.AbstractNamedCompilerPhase.invoke(CompilerPhase.kt:113)
	at org.jetbrains.kotlin.backend.common.phaser.CompilerPhaseKt.invokeToplevel(CompilerPhase.kt:62)
	at org.jetbrains.kotlin.backend.jvm.JvmIrCodegenFactory.invokeCodegen(JvmIrCodegenFactory.kt:371)
	at org.jetbrains.kotlin.codegen.CodegenFactory.generateModule(CodegenFactory.kt:47)
	at org.jetbrains.kotlin.backend.jvm.JvmIrCodegenFactory.generateModuleInFrontendIRMode(JvmIrCodegenFactory.kt:433)
	at org.jetbrains.kotlin.cli.jvm.compiler.pipeline.JvmCompilerPipelineKt.generateCodeFromIr(jvmCompilerPipeline.kt:246)
	at org.jetbrains.kotlin.cli.jvm.compiler.pipeline.JvmCompilerPipelineKt.compileModulesUsingFrontendIrAndLightTree(jvmCompilerPipeline.kt:142)
	at org.jetbrains.kotlin.cli.jvm.K2JVMCompiler.doExecute(K2JVMCompiler.kt:148)
	at org.jetbrains.kotlin.cli.jvm.K2JVMCompiler.doExecute(K2JVMCompiler.kt:43)
	at org.jetbrains.kotlin.cli.common.CLICompiler.execImpl(CLICompiler.kt:103)
	at org.jetbrains.kotlin.cli.common.CLICompiler.execImpl(CLICompiler.kt:49)
	at org.jetbrains.kotlin.cli.common.CLITool.exec(CLITool.kt:101)
	at org.jetbrains.kotlin.incremental.IncrementalJvmCompilerRunner.runCompiler(IncrementalJvmCompilerRunner.kt:464)
	at org.jetbrains.kotlin.incremental.IncrementalJvmCompilerRunner.runCompiler(IncrementalJvmCompilerRunner.kt:73)
	at org.jetbrains.kotlin.incremental.IncrementalCompilerRunner.doCompile(IncrementalCompilerRunner.kt:506)
	at org.jetbrains.kotlin.incremental.IncrementalCompilerRunner.compileImpl(IncrementalCompilerRunner.kt:423)
	at org.jetbrains.kotlin.incremental.IncrementalCompilerRunner.compileNonIncrementally(IncrementalCompilerRunner.kt:301)
	at org.jetbrains.kotlin.incremental.IncrementalCompilerRunner.compile(IncrementalCompilerRunner.kt:129)
	at org.jetbrains.kotlin.daemon.CompileServiceImplBase.execIncrementalCompiler(CompileServiceImpl.kt:675)
	at org.jetbrains.kotlin.daemon.CompileServiceImplBase.access$execIncrementalCompiler(CompileServiceImpl.kt:92)
	at org.jetbrains.kotlin.daemon.CompileServiceImpl.compile(CompileServiceImpl.kt:1660)
	at java.base/jdk.internal.reflect.DirectMethodHandleAccessor.invoke(Unknown Source)
	at java.base/java.lang.reflect.Method.invoke(Unknown Source)
	at java.rmi/sun.rmi.server.UnicastServerRef.dispatch(Unknown Source)
	at java.rmi/sun.rmi.transport.Transport$1.run(Unknown Source)
	at java.rmi/sun.rmi.transport.Transport$1.run(Unknown Source)
	at java.base/java.security.AccessController.doPrivileged(Unknown Source)
	at java.rmi/sun.rmi.transport.Transport.serviceCall(Unknown Source)
	at java.rmi/sun.rmi.transport.tcp.TCPTransport.handleMessages(Unknown Source)
	at java.rmi/sun.rmi.transport.tcp.TCPTransport$ConnectionHandler.run0(Unknown Source)
	at java.rmi/sun.rmi.transport.tcp.TCPTransport$ConnectionHandler.lambda$run$0(Unknown Source)
	at java.base/java.security.AccessController.doPrivileged(Unknown Source)
	at java.rmi/sun.rmi.transport.tcp.TCPTransport$ConnectionHandler.run(Unknown Source)
	at java.base/java.util.concurrent.ThreadPoolExecutor.runWorker(Unknown Source)
	at java.base/java.util.concurrent.ThreadPoolExecutor$Worker.run(Unknown Source)
	at java.base/java.lang.Thread.run(Unknown Source)
Caused by: java.lang.RuntimeException: Exception while generating code for:
FUN name:LandingScreen visibility:public modality:FINAL <> (navController:androidx.navigation.NavController) returnType:kotlin.Unit
  annotations:
    Composable
  VALUE_PARAMETER name:navController index:0 type:androidx.navigation.NavController
  BLOCK_BODY
    VAR name:scale type:androidx.compose.animation.core.Animatable<kotlin.Float, androidx.compose.animation.core.AnimationVector1D> [val]
      CALL 'public final fun remember <T> (calculation: @[DisallowComposableCalls] kotlin.Function0<T of androidx.compose.runtime.ComposablesKt.remember>): T of androidx.compose.runtime.ComposablesKt.remember [inline] declared in androidx.compose.runtime.ComposablesKt' type=androidx.compose.animation.core.Animatable<kotlin.Float, androidx.compose.animation.core.AnimationVector1D> origin=null
        <T>: androidx.compose.animation.core.Animatable<kotlin.Float, androidx.compose.animation.core.AnimationVector1D>
        calculation: BLOCK type=kotlin.Function0<androidx.compose.animation.core.Animatable<kotlin.Float, androidx.compose.animation.core.AnimationVector1D>> origin=LAMBDA
          COMPOSITE type=kotlin.Unit origin=null
          FUNCTION_REFERENCE 'private final fun LandingScreen$lambda$0 (): androidx.compose.animation.core.Animatable<kotlin.Float, androidx.compose.animation.core.AnimationVector1D> declared in com.jhacode.chitrini.ui.LandingScreenKt' type=kotlin.Function0<androidx.compose.animation.core.Animatable<kotlin.Float, androidx.compose.animation.core.AnimationVector1D>> origin=INLINE_LAMBDA reflectionTarget=null
    VAR name:alpha type:androidx.compose.animation.core.Animatable<kotlin.Float, androidx.compose.animation.core.AnimationVector1D> [val]
      CALL 'public final fun remember <T> (calculation: @[DisallowComposableCalls] kotlin.Function0<T of androidx.compose.runtime.ComposablesKt.remember>): T of androidx.compose.runtime.ComposablesKt.remember [inline] declared in androidx.compose.runtime.ComposablesKt' type=androidx.compose.animation.core.Animatable<kotlin.Float, androidx.compose.animation.core.AnimationVector1D> origin=null
        <T>: androidx.compose.animation.core.Animatable<kotlin.Float, androidx.compose.animation.core.AnimationVector1D>
        calculation: BLOCK type=kotlin.Function0<androidx.compose.animation.core.Animatable<kotlin.Float, androidx.compose.animation.core.AnimationVector1D>> origin=LAMBDA
          COMPOSITE type=kotlin.Unit origin=null
          FUNCTION_REFERENCE 'private final fun LandingScreen$lambda$1 (): androidx.compose.animation.core.Animatable<kotlin.Float, androidx.compose.animation.core.AnimationVector1D> declared in com.jhacode.chitrini.ui.LandingScreenKt' type=kotlin.Function0<androidx.compose.animation.core.Animatable<kotlin.Float, androidx.compose.animation.core.AnimationVector1D>> origin=INLINE_LAMBDA reflectionTarget=null
    CALL 'public final fun LaunchedEffect (key1: kotlin.Any?, block: @[ExtensionFunctionType] kotlin.coroutines.SuspendFunction1<kotlinx.coroutines.CoroutineScope, kotlin.Unit>): kotlin.Unit declared in androidx.compose.runtime.EffectsKt' type=kotlin.Unit origin=null
      key1: GET_FIELD 'FIELD FIELD_FOR_OBJECT_INSTANCE name:INSTANCE type:kotlin.Unit visibility:public [final,static] declared in kotlin.Unit' type=kotlin.Unit origin=null
      block: BLOCK type=com.jhacode.chitrini.ui.LandingScreenKt.LandingScreen.<no name provided> origin=null
        CLASS SUSPEND_LAMBDA CLASS name:<no name provided> modality:FINAL visibility:public/*package*/ superTypes:[kotlin.coroutines.jvm.internal.SuspendLambda; kotlin.jvm.functions.Function2<kotlinx.coroutines.CoroutineScope, kotlin.coroutines.Continuation<kotlin.Unit>?, kotlin.Any?>]
          $this: VALUE_PARAMETER INSTANCE_RECEIVER name:<this> type:com.jhacode.chitrini.ui.LandingScreenKt.LandingScreen.<no name provided>
          FIELD name:label type:kotlin.Int visibility:public/*package*/
          CONSTRUCTOR SUSPEND_LAMBDA visibility:public/*package*/ <> ($scale:androidx.compose.animation.core.Animatable<kotlin.Float, androidx.compose.animation.core.AnimationVector1D>, $alpha:androidx.compose.animation.core.Animatable<kotlin.Float, androidx.compose.animation.core.AnimationVector1D>, $navController:androidx.navigation.NavController, $completion:kotlin.coroutines.Continuation<com.jhacode.chitrini.ui.LandingScreenKt.LandingScreen.<no name provided>>?) returnType:com.jhacode.chitrini.ui.LandingScreenKt.LandingScreen.<no name provided> [primary]
            VALUE_PARAMETER BOUND_VALUE_PARAMETER name:$scale index:0 type:androidx.compose.animation.core.Animatable<kotlin.Float, androidx.compose.animation.core.AnimationVector1D>
            VALUE_PARAMETER BOUND_VALUE_PARAMETER name:$alpha index:1 type:androidx.compose.animation.core.Animatable<kotlin.Float, androidx.compose.animation.core.AnimationVector1D>
            VALUE_PARAMETER BOUND_VALUE_PARAMETER name:$navController index:2 type:androidx.navigation.NavController
            VALUE_PARAMETER name:$completion index:3 type:kotlin.coroutines.Continuation<com.jhacode.chitrini.ui.LandingScreenKt.LandingScreen.<no name provided>>?
            BLOCK_BODY
              SET_FIELD 'FIELD FIELD_FOR_CAPTURED_VALUE name:$scale type:androidx.compose.animation.core.Animatable<kotlin.Float, androidx.compose.animation.core.AnimationVector1D> visibility:public/*package*/ [final] declared in com.jhacode.chitrini.ui.LandingScreenKt.LandingScreen.<no name provided>' type=kotlin.Unit origin=INITIALIZER_OF_FIELD_FOR_CAPTURED_VALUE
                receiver: GET_VAR '<this>: com.jhacode.chitrini.ui.LandingScreenKt.LandingScreen.<no name provided> declared in com.jhacode.chitrini.ui.LandingScreenKt.LandingScreen.<no name provided>' type=com.jhacode.chitrini.ui.LandingScreenKt.LandingScreen.<no name provided> origin=null
                value: GET_VAR '$scale: androidx.compose.animation.core.Animatable<kotlin.Float, androidx.compose.animation.core.AnimationVector1D> declared in com.jhacode.chitrini.ui.LandingScreenKt.LandingScreen.<no name provided>.<init>' type=androidx.compose.animation.core.Animatable<kotlin.Float, androidx.compose.animation.core.AnimationVector1D> origin=null
              SET_FIELD 'FIELD FIELD_FOR_CAPTURED_VALUE name:$alpha type:androidx.compose.animation.core.Animatable<kotlin.Float, androidx.compose.animation.core.AnimationVector1D> visibility:public/*package*/ [final] declared in com.jhacode.chitrini.ui.LandingScreenKt.LandingScreen.<no name provided>' type=kotlin.Unit origin=INITIALIZER_OF_FIELD_FOR_CAPTURED_VALUE
                receiver: GET_VAR '<this>: com.jhacode.chitrini.ui.LandingScreenKt.LandingScreen.<no name provided> declared in com.jhacode.chitrini.ui.LandingScreenKt.LandingScreen.<no name provided>' type=com.jhacode.chitrini.ui.LandingScreenKt.LandingScreen.<no name provided> origin=null
                value: GET_VAR '$alpha: androidx.compose.animation.core.Animatable<kotlin.Float, androidx.compose.animation.core.AnimationVector1D> declared in com.jhacode.chitrini.ui.LandingScreenKt.LandingScreen.<no name provided>.<init>' type=androidx.compose.animation.core.Animatable<kotlin.Float, androidx.compose.animation.core.AnimationVector1D> origin=null
              SET_FIELD 'FIELD FIELD_FOR_CAPTURED_VALUE name:$navController type:androidx.navigation.NavController visibility:public/*package*/ [final] declared in com.jhacode.chitrini.ui.LandingScreenKt.LandingScreen.<no name provided>' type=kotlin.Unit origin=INITIALIZER_OF_FIELD_FOR_CAPTURED_VALUE
                receiver: GET_VAR '<this>: com.jhacode.chitrini.ui.LandingScreenKt.LandingScreen.<no name provided> declared in com.jhacode.chitrini.ui.LandingScreenKt.LandingScreen.<no name provided>' type=com.jhacode.chitrini.ui.LandingScreenKt.LandingScreen.<no name provided> origin=null
                value: GET_VAR '$navController: androidx.navigation.NavController declared in com.jhacode.chitrini.ui.LandingScreenKt.LandingScreen.<no name provided>.<init>' type=androidx.navigation.NavController origin=null
              DELEGATING_CONSTRUCTOR_CALL 'public constructor <init> (arity: kotlin.Int, $completion: kotlin.coroutines.Continuation<kotlin.Any?>?) declared in kotlin.coroutines.jvm.internal.SuspendLambda'
                arity: CONST Int type=kotlin.Int value=2
                $completion: GET_VAR '$completion: kotlin.coroutines.Continuation<com.jhacode.chitrini.ui.LandingScreenKt.LandingScreen.<no name provided>>? declared in com.jhacode.chitrini.ui.LandingScreenKt.LandingScreen.<no name provided>.<init>' type=kotlin.coroutines.Continuation<com.jhacode.chitrini.ui.LandingScreenKt.LandingScreen.<no name provided>>? origin=null
              BLOCK type=kotlin.Unit origin=null
          FUN name:invokeSuspend visibility:public modality:FINAL <> ($this:com.jhacode.chitrini.ui.LandingScreenKt.LandingScreen.<no name provided>, $result:kotlin.Result<kotlin.Any?>) returnType:kotlin.Any?
            overridden:
              protected abstract fun invokeSuspend ($result: kotlin.Result<kotlin.Any?>): kotlin.Any? declared in kotlin.coroutines.jvm.internal.SuspendLambda
            $this: VALUE_PARAMETER INSTANCE_RECEIVER name:<this> type:com.jhacode.chitrini.ui.LandingScreenKt.LandingScreen.<no name provided>
            VALUE_PARAMETER name:$result index:0 type:kotlin.Result<kotlin.Any?>
            BLOCK_BODY
              COMPOSITE type=kotlin.Unit origin=null
                TYPE_OP type=androidx.compose.animation.core.AnimationResult<kotlin.Float, androidx.compose.animation.core.AnimationVector1D> origin=IMPLICIT_CAST typeOperand=androidx.compose.animation.core.AnimationResult<kotlin.Float, androidx.compose.animation.core.AnimationVector1D>
                  CALL 'public final fun animateTo$default ($this: androidx.compose.animation.core.Animatable<T of androidx.compose.animation.core.Animatable, V of androidx.compose.animation.core.Animatable>, targetValue: T of androidx.compose.animation.core.Animatable, animationSpec: androidx.compose.animation.core.AnimationSpec<T of androidx.compose.animation.core.Animatable>?, initialVelocity: T of androidx.compose.animation.core.Animatable?, block: @[ExtensionFunctionType] kotlin.Function1<androidx.compose.animation.core.Animatable<T of androidx.compose.animation.core.Animatable, V of androidx.compose.animation.core.Animatable>, kotlin.Unit>?, $completion: kotlin.coroutines.Continuation<androidx.compose.animation.core.AnimationResult<T of androidx.compose.animation.core.Animatable, V of androidx.compose.animation.core.Animatable>>, $mask0: kotlin.Int, $handler: kotlin.Any?): kotlin.Any? [suspend] declared in androidx.compose.animation.core.Animatable' type=androidx.compose.animation.core.AnimationResult<T of androidx.compose.animation.core.Animatable, V of androidx.compose.animation.core.Animatable> origin=DEFAULT_DISPATCH_CALL
                    $this: GET_FIELD 'FIELD FIELD_FOR_CAPTURED_VALUE name:$scale type:androidx.compose.animation.core.Animatable<kotlin.Float, androidx.compose.animation.core.AnimationVector1D> visibility:public/*package*/ [final] declared in com.jhacode.chitrini.ui.LandingScreenKt.LandingScreen.<no name provided>' type=androidx.compose.animation.core.Animatable<kotlin.Float, androidx.compose.animation.core.AnimationVector1D> origin=null
                      receiver: GET_VAR '<this>: com.jhacode.chitrini.ui.LandingScreenKt.LandingScreen.<no name provided> declared in com.jhacode.chitrini.ui.LandingScreenKt.LandingScreen.<no name provided>.invokeSuspend' type=com.jhacode.chitrini.ui.LandingScreenKt.LandingScreen.<no name provided> origin=null
                    targetValue: CONST Float type=kotlin.Float value=1.0
                    animationSpec: TYPE_OP type=androidx.compose.animation.core.TweenSpec<kotlin.Float> origin=IMPLICIT_CAST typeOperand=androidx.compose.animation.core.TweenSpec<kotlin.Float>
                      CALL 'public final fun tween$default <T> (durationMillis: kotlin.Int, delayMillis: kotlin.Int, easing: androidx.compose.animation.core.Easing?, $mask0: kotlin.Int, $handler: kotlin.Any?): androidx.compose.animation.core.TweenSpec<T of androidx.compose.animation.core.AnimationSpecKt.tween$default> declared in androidx.compose.animation.core.AnimationSpecKt' type=androidx.compose.animation.core.TweenSpec<T of androidx.compose.animation.core.AnimationSpecKt.tween$default> origin=DEFAULT_DISPATCH_CALL
                        <T>: kotlin.Float
                        durationMillis: CONST Int type=kotlin.Int value=800
                        delayMillis: COMPOSITE type=kotlin.Int origin=DEFAULT_VALUE
                          CONST Int type=kotlin.Int value=0
                        easing: CALL 'public final fun <get-FastOutSlowInEasing> (): androidx.compose.animation.core.Easing declared in androidx.compose.animation.core.EasingKt' type=androidx.compose.animation.core.Easing origin=GET_PROPERTY
                        $mask0: CONST Int type=kotlin.Int value=2
                        $handler: CONST Null type=kotlin.Any? value=null
                    initialVelocity: COMPOSITE type=T of androidx.compose.animation.core.Animatable? origin=DEFAULT_VALUE
                      CONST Null type=kotlin.Any? value=null
                    block: COMPOSITE type=@[ExtensionFunctionType] kotlin.Function1<androidx.compose.animation.core.Animatable<T of androidx.compose.animation.core.Animatable, V of androidx.compose.animation.core.Animatable>, kotlin.Unit>? origin=DEFAULT_VALUE
                      CONST Null type=@[ExtensionFunctionType] kotlin.Function1<androidx.compose.animation.core.Animatable<T of androidx.compose.animation.core.Animatable, V of androidx.compose.animation.core.Animatable>, kotlin.Unit>? value=null
                    $completion: GET_VAR '<this>: com.jhacode.chitrini.ui.LandingScreenKt.LandingScreen.<no name provided> declared in com.jhacode.chitrini.ui.LandingScreenKt.LandingScreen.<no name provided>.invokeSuspend' type=com.jhacode.chitrini.ui.LandingScreenKt.LandingScreen.<no name provided> origin=null
                    $mask0: CONST Int type=kotlin.Int value=12
                    $handler: CONST Null type=kotlin.Any? value=null
                COMPOSITE type=kotlin.Unit origin=null
              COMPOSITE type=kotlin.Unit origin=null
                TYPE_OP type=androidx.compose.animation.core.AnimationResult<kotlin.Float, androidx.compose.animation.core.AnimationVector1D> origin=IMPLICIT_CAST typeOperand=androidx.compose.animation.core.AnimationResult<kotlin.Float, androidx.compose.animation.core.AnimationVector1D>
                  CALL 'public final fun animateTo$default ($this: androidx.compose.animation.core.Animatable<T of androidx.compose.animation.core.Animatable, V of androidx.compose.animation.core.Animatable>, targetValue: T of androidx.compose.animation.core.Animatable, animationSpec: androidx.compose.animation.core.AnimationSpec<T of androidx.compose.animation.core.Animatable>?, initialVelocity: T of androidx.compose.animation.core.Animatable?, block: @[ExtensionFunctionType] kotlin.Function1<androidx.compose.animation.core.Animatable<T of androidx.compose.animation.core.Animatable, V of androidx.compose.animation.core.Animatable>, kotlin.Unit>?, $completion: kotlin.coroutines.Continuation<androidx.compose.animation.core.AnimationResult<T of androidx.compose.animation.core.Animatable, V of androidx.compose.animation.core.Animatable>>, $mask0: kotlin.Int, $handler: kotlin.Any?): kotlin.Any? [suspend] declared in androidx.compose.animation.core.Animatable' type=androidx.compose.animation.core.AnimationResult<T of androidx.compose.animation.core.Animatable, V of androidx.compose.animation.core.Animatable> origin=DEFAULT_DISPATCH_CALL
                    $this: GET_FIELD 'FIELD FIELD_FOR_CAPTURED_VALUE name:$alpha type:androidx.compose.animation.core.Animatable<kotlin.Float, androidx.compose.animation.core.AnimationVector1D> visibility:public/*package*/ [final] declared in com.jhacode.chitrini.ui.LandingScreenKt.LandingScreen.<no name provided>' type=androidx.compose.animation.core.Animatable<kotlin.Float, androidx.compose.animation.core.AnimationVector1D> origin=null
                      receiver: GET_VAR '<this>: com.jhacode.chitrini.ui.LandingScreenKt.LandingScreen.<no name provided> declared in com.jhacode.chitrini.ui.LandingScreenKt.LandingScreen.<no name provided>.invokeSuspend' type=com.jhacode.chitrini.ui.LandingScreenKt.LandingScreen.<no name provided> origin=null
                    targetValue: CONST Float type=kotlin.Float value=1.0
                    animationSpec: TYPE_OP type=androidx.compose.animation.core.TweenSpec<kotlin.Float> origin=IMPLICIT_CAST typeOperand=androidx.compose.animation.core.TweenSpec<kotlin.Float>
                      CALL 'public final fun tween$default <T> (durationMillis: kotlin.Int, delayMillis: kotlin.Int, easing: androidx.compose.animation.core.Easing?, $mask0: kotlin.Int, $handler: kotlin.Any?): androidx.compose.animation.core.TweenSpec<T of androidx.compose.animation.core.AnimationSpecKt.tween$default> declared in androidx.compose.animation.core.AnimationSpecKt' type=androidx.compose.animation.core.TweenSpec<T of androidx.compose.animation.core.AnimationSpecKt.tween$default> origin=DEFAULT_DISPATCH_CALL
                        <T>: kotlin.Float
                        durationMillis: CONST Int type=kotlin.Int value=600
                        delayMillis: COMPOSITE type=kotlin.Int origin=DEFAULT_VALUE
                          CONST Int type=kotlin.Int value=0
                        easing: CALL 'public final fun <get-FastOutSlowInEasing> (): androidx.compose.animation.core.Easing declared in androidx.compose.animation.core.EasingKt' type=androidx.compose.animation.core.Easing origin=GET_PROPERTY
                        $mask0: CONST Int type=kotlin.Int value=2
                        $handler: CONST Null type=kotlin.Any? value=null
                    initialVelocity: COMPOSITE type=T of androidx.compose.animation.core.Animatable? origin=DEFAULT_VALUE
                      CONST Null type=kotlin.Any? value=null
                    block: COMPOSITE type=@[ExtensionFunctionType] kotlin.Function1<androidx.compose.animation.core.Animatable<T of androidx.compose.animation.core.Animatable, V of androidx.compose.animation.core.Animatable>, kotlin.Unit>? origin=DEFAULT_VALUE
                      CONST Null type=@[ExtensionFunctionType] kotlin.Function1<androidx.compose.animation.core.Animatable<T of androidx.compose.animation.core.Animatable, V of androidx.compose.animation.core.Animatable>, kotlin.Unit>? value=null
                    $completion: GET_VAR '<this>: com.jhacode.chitrini.ui.LandingScreenKt.LandingScreen.<no name provided> declared in com.jhacode.chitrini.ui.LandingScreenKt.LandingScreen.<no name provided>.invokeSuspend' type=com.jhacode.chitrini.ui.LandingScreenKt.LandingScreen.<no name provided> origin=null
                    $mask0: CONST Int type=kotlin.Int value=12
                    $handler: CONST Null type=kotlin.Any? value=null
                COMPOSITE type=kotlin.Unit origin=null
              CALL 'public final fun delay (timeMillis: kotlin.Long, $completion: kotlin.coroutines.Continuation<kotlin.Unit>): kotlin.Any? [suspend] declared in kotlinx.coroutines.DelayKt' type=kotlin.Unit origin=null
                timeMillis: CONST Long type=kotlin.Long value=1500
                $completion: GET_VAR '<this>: com.jhacode.chitrini.ui.LandingScreenKt.LandingScreen.<no name provided> declared in com.jhacode.chitrini.ui.LandingScreenKt.LandingScreen.<no name provided>.invokeSuspend' type=com.jhacode.chitrini.ui.LandingScreenKt.LandingScreen.<no name provided> origin=null
              CALL 'public final fun navigate (route: kotlin.String, builder: @[ExtensionFunctionType] kotlin.Function1<androidx.navigation.NavOptionsBuilder, kotlin.Unit>): kotlin.Unit declared in androidx.navigation.NavController' type=kotlin.Unit origin=null
                $this: GET_FIELD 'FIELD FIELD_FOR_CAPTURED_VALUE name:$navController type:androidx.navigation.NavController visibility:public/*package*/ [final] declared in com.jhacode.chitrini.ui.LandingScreenKt.LandingScreen.<no name provided>' type=androidx.navigation.NavController origin=null
                  receiver: GET_VAR '<this>: com.jhacode.chitrini.ui.LandingScreenKt.LandingScreen.<no name provided> declared in com.jhacode.chitrini.ui.LandingScreenKt.LandingScreen.<no name provided>.invokeSuspend' type=com.jhacode.chitrini.ui.LandingScreenKt.LandingScreen.<no name provided> origin=null
                route: CONST String type=kotlin.String value="login"
                builder: BLOCK type=@[ExtensionFunctionType] kotlin.Function1<androidx.navigation.NavOptionsBuilder, kotlin.Unit> origin=LAMBDA
                  COMPOSITE type=kotlin.Unit origin=null
                  CALL 'public final fun <jvm-indy> <T> (dynamicCall: T of kotlin.jvm.internal.<jvm-indy>, bootstrapMethodHandle: kotlin.Any, vararg bootstrapMethodArguments: kotlin.Any): T of kotlin.jvm.internal.<jvm-indy> declared in kotlin.jvm.internal' type=@[ExtensionFunctionType] kotlin.Function1<androidx.navigation.NavOptionsBuilder, kotlin.Unit> origin=null
                    <T>: @[ExtensionFunctionType] kotlin.Function1<androidx.navigation.NavOptionsBuilder, kotlin.Unit>
                    dynamicCall: CALL 'public final fun invoke (): @[ExtensionFunctionType] kotlin.Function1<androidx.navigation.NavOptionsBuilder, kotlin.Unit> declared in kotlin.jvm.internal.invokeDynamic' type=@[ExtensionFunctionType] kotlin.Function1<androidx.navigation.NavOptionsBuilder, kotlin.Unit> origin=null
                    bootstrapMethodHandle: CALL 'public final fun <jvm-method-handle> (tag: kotlin.Int, owner: kotlin.String, name: kotlin.String, descriptor: kotlin.String, isInterface: kotlin.Boolean): kotlin.Any declared in kotlin.jvm.internal' type=kotlin.Any origin=null
                      tag: CONST Int type=kotlin.Int value=6
                      owner: CONST String type=kotlin.String value="java/lang/invoke/LambdaMetafactory"
                      name: CONST String type=kotlin.String value="metafactory"
                      descriptor: CONST String type=kotlin.String value="(Ljava/lang/invoke/MethodHandles$Lookup;Ljava/lang/String;Ljava/lang/invoke/MethodType;Ljava/lang/invoke/MethodType;Ljava/lang/invoke/MethodHandle;Ljava/lang/invoke/MethodType;)Ljava/lang/invoke/CallSite;"
                      isInterface: CONST Boolean type=kotlin.Boolean value=false
                    bootstrapMethodArguments: VARARG type=kotlin.Array<kotlin.Any> varargElementType=kotlin.Any
                      CALL 'public final fun <jvm-original-method-type> (method: kotlin.Any): kotlin.Any declared in kotlin.jvm.internal' type=kotlin.Any origin=null
                        method: RAW_FUNCTION_REFERENCE 'public abstract fun invoke (p1: P1 of kotlin.Function1): R of kotlin.Function1 [operator] declared in kotlin.Function1' type=kotlin.Any
                      RAW_FUNCTION_REFERENCE 'private final fun invokeSuspend$lambda$1 ($this$navigate: androidx.navigation.NavOptionsBuilder): kotlin.Unit? declared in com.jhacode.chitrini.ui.LandingScreenKt.LandingScreen.<no name provided>' type=kotlin.Any
                      CALL 'public final fun <jvm-original-method-type> (method: kotlin.Any): kotlin.Any declared in kotlin.jvm.internal' type=kotlin.Any origin=null
                        method: RAW_FUNCTION_REFERENCE 'public abstract fun invoke (p1: androidx.navigation.NavOptionsBuilder): kotlin.Unit? [fake_override,operator] declared in kotlin.jvm.internal.invokeDynamic.<fake>' type=kotlin.Any
          FUN name:create visibility:public modality:FINAL <> ($this:com.jhacode.chitrini.ui.LandingScreenKt.LandingScreen.<no name provided>, value:kotlin.Any?, $completion:kotlin.coroutines.Continuation<kotlin.Nothing>) returnType:kotlin.coroutines.Continuation<kotlin.Unit>
            overridden:
              public open fun create (value: kotlin.Any?, $completion: kotlin.coroutines.Continuation<kotlin.Nothing>): kotlin.coroutines.Continuation<kotlin.Unit> declared in kotlin.coroutines.jvm.internal.SuspendLambda
            $this: VALUE_PARAMETER INSTANCE_RECEIVER name:<this> type:com.jhacode.chitrini.ui.LandingScreenKt.LandingScreen.<no name provided>
            VALUE_PARAMETER name:value index:0 type:kotlin.Any?
            VALUE_PARAMETER name:$completion index:1 type:kotlin.coroutines.Continuation<kotlin.Nothing>
            BLOCK_BODY
              RETURN type=kotlin.Nothing from='public final fun create (value: kotlin.Any?, $completion: kotlin.coroutines.Continuation<kotlin.Nothing>): kotlin.coroutines.Continuation<kotlin.Unit> declared in com.jhacode.chitrini.ui.LandingScreenKt.LandingScreen.<no name provided>'
                CONSTRUCTOR_CALL 'public/*package*/ constructor <init> ($scale: androidx.compose.animation.core.Animatable<kotlin.Float, androidx.compose.animation.core.AnimationVector1D>, $alpha: androidx.compose.animation.core.Animatable<kotlin.Float, androidx.compose.animation.core.AnimationVector1D>, $navController: androidx.navigation.NavController, $completion: kotlin.coroutines.Continuation<com.jhacode.chitrini.ui.LandingScreenKt.LandingScreen.<no name provided>>?) [primary] declared in com.jhacode.chitrini.ui.LandingScreenKt.LandingScreen.<no name provided>' type=com.jhacode.chitrini.ui.LandingScreenKt.LandingScreen.<no name provided> origin=null
                  $scale: GET_FIELD 'FIELD FIELD_FOR_CAPTURED_VALUE name:$scale type:androidx.compose.animation.core.Animatable<kotlin.Float, androidx.compose.animation.core.AnimationVector1D> visibility:public/*package*/ [final] declared in com.jhacode.chitrini.ui.LandingScreenKt.LandingScreen.<no name provided>' type=androidx.compose.animation.core.Animatable<kotlin.Float, androidx.compose.animation.core.AnimationVector1D> origin=null
                    receiver: GET_VAR '<this>: com.jhacode.chitrini.ui.LandingScreenKt.LandingScreen.<no name provided> declared in com.jhacode.chitrini.ui.LandingScreenKt.LandingScreen.<no name provided>.create' type=com.jhacode.chitrini.ui.LandingScreenKt.LandingScreen.<no name provided> origin=null
                  $alpha: GET_FIELD 'FIELD FIELD_FOR_CAPTURED_VALUE name:$alpha type:androidx.compose.animation.core.Animatable<kotlin.Float, androidx.compose.animation.core.AnimationVector1D> visibility:public/*package*/ [final] declared in com.jhacode.chitrini.ui.LandingScreenKt.LandingScreen.<no name provided>' type=androidx.compose.animation.core.Animatable<kotlin.Float, androidx.compose.animation.core.AnimationVector1D> origin=null
                    receiver: GET_VAR '<this>: com.jhacode.chitrini.ui.LandingScreenKt.LandingScreen.<no name provided> declared in com.jhacode.chitrini.ui.LandingScreenKt.LandingScreen.<no name provided>.create' type=com.jhacode.chitrini.ui.LandingScreenKt.LandingScreen.<no name provided> origin=null
                  $navController: GET_FIELD 'FIELD FIELD_FOR_CAPTURED_VALUE name:$navController type:androidx.navigation.NavController visibility:public/*package*/ [final] declared in com.jhacode.chitrini.ui.LandingScreenKt.LandingScreen.<no name provided>' type=androidx.navigation.NavController origin=null
                    receiver: GET_VAR '<this>: com.jhacode.chitrini.ui.LandingScreenKt.LandingScreen.<no name provided> declared in com.jhacode.chitrini.ui.LandingScreenKt.LandingScreen.<no name provided>.create' type=com.jhacode.chitrini.ui.LandingScreenKt.LandingScreen.<no name provided> origin=null
                  $completion: GET_VAR '$completion: kotlin.coroutines.Continuation<kotlin.Nothing> declared in com.jhacode.chitrini.ui.LandingScreenKt.LandingScreen.<no name provided>.create' type=kotlin.coroutines.Continuation<kotlin.Nothing> origin=null
          FUN name:invoke visibility:public modality:FINAL <> ($this:com.jhacode.chitrini.ui.LandingScreenKt.LandingScreen.<no name provided>, p1:kotlinx.coroutines.CoroutineScope, p2:kotlin.coroutines.Continuation<kotlin.Unit>?) returnType:kotlin.Any?
            overridden:
              public abstract fun invoke (p1: P1 of kotlin.jvm.functions.Function2, p2: P2 of kotlin.jvm.functions.Function2): R of kotlin.jvm.functions.Function2 declared in kotlin.jvm.functions.Function2
            $this: VALUE_PARAMETER INSTANCE_RECEIVER name:<this> type:com.jhacode.chitrini.ui.LandingScreenKt.LandingScreen.<no name provided>
            VALUE_PARAMETER name:p1 index:0 type:kotlinx.coroutines.CoroutineScope
            VALUE_PARAMETER name:p2 index:1 type:kotlin.coroutines.Continuation<kotlin.Unit>?
            BLOCK_BODY
              RETURN type=kotlin.Nothing from='public final fun invoke (p1: kotlinx.coroutines.CoroutineScope, p2: kotlin.coroutines.Continuation<kotlin.Unit>?): kotlin.Any? declared in com.jhacode.chitrini.ui.LandingScreenKt.LandingScreen.<no name provided>'
                CALL 'public final fun invokeSuspend ($result: kotlin.Result<kotlin.Any?>): kotlin.Any? declared in com.jhacode.chitrini.ui.LandingScreenKt.LandingScreen.<no name provided>' type=kotlin.Any? origin=null
                  $this: TYPE_OP type=com.jhacode.chitrini.ui.LandingScreenKt.LandingScreen.<no name provided> origin=IMPLICIT_CAST typeOperand=com.jhacode.chitrini.ui.LandingScreenKt.LandingScreen.<no name provided>
                    CALL 'public final fun create (value: kotlin.Any?, $completion: kotlin.coroutines.Continuation<kotlin.Nothing>): kotlin.coroutines.Continuation<kotlin.Unit> declared in com.jhacode.chitrini.ui.LandingScreenKt.LandingScreen.<no name provided>' type=kotlin.coroutines.Continuation<kotlin.Unit> origin=null
                      $this: GET_VAR '<this>: com.jhacode.chitrini.ui.LandingScreenKt.LandingScreen.<no name provided> declared in com.jhacode.chitrini.ui.LandingScreenKt.LandingScreen.<no name provided>.invoke' type=com.jhacode.chitrini.ui.LandingScreenKt.LandingScreen.<no name provided> origin=null
                      value: GET_VAR 'p1: kotlinx.coroutines.CoroutineScope declared in com.jhacode.chitrini.ui.LandingScreenKt.LandingScreen.<no name provided>.invoke' type=kotlinx.coroutines.CoroutineScope origin=null
                      $completion: GET_VAR 'p2: kotlin.coroutines.Continuation<kotlin.Unit>? declared in com.jhacode.chitrini.ui.LandingScreenKt.LandingScreen.<no name provided>.invoke' type=kotlin.coroutines.Continuation<kotlin.Unit>? origin=null
                  $result: CALL 'public final fun <unsafe-coerce> <T, R> (v: T of kotlin.jvm.internal.<unsafe-coerce>): R of kotlin.jvm.internal.<unsafe-coerce> declared in kotlin.jvm.internal' type=kotlin.Result<kotlin.Any?> origin=null
                    <T>: kotlin.Any?
                    <R>: kotlin.Result<kotlin.Any?>
                    v: GET_FIELD 'FIELD FIELD_FOR_OBJECT_INSTANCE name:INSTANCE type:kotlin.Unit visibility:public [final,static] declared in kotlin.Unit' type=kotlin.Unit origin=null
          FIELD FIELD_FOR_CAPTURED_VALUE name:$scale type:androidx.compose.animation.core.Animatable<kotlin.Float, androidx.compose.animation.core.AnimationVector1D> visibility:public/*package*/ [final]
          FIELD FIELD_FOR_CAPTURED_VALUE name:$alpha type:androidx.compose.animation.core.Animatable<kotlin.Float, androidx.compose.animation.core.AnimationVector1D> visibility:public/*package*/ [final]
          FIELD FIELD_FOR_CAPTURED_VALUE name:$navController type:androidx.navigation.NavController visibility:public/*package*/ [final]
          FUN LOCAL_FUNCTION_FOR_LAMBDA name:invokeSuspend$lambda$1$lambda$0 visibility:private modality:FINAL <> ($this$popUpTo:androidx.navigation.PopUpToBuilder) returnType:kotlin.Unit?
            VALUE_PARAMETER name:$this$popUpTo index:0 type:androidx.navigation.PopUpToBuilder
            BLOCK_BODY
              CALL 'public final fun <set-inclusive> (value: kotlin.Boolean): kotlin.Unit declared in androidx.navigation.PopUpToBuilder' type=kotlin.Unit origin=EQ
                $this: GET_VAR '$this$popUpTo: androidx.navigation.PopUpToBuilder declared in com.jhacode.chitrini.ui.LandingScreenKt.LandingScreen.<no name provided>.invokeSuspend$lambda$1$lambda$0' type=androidx.navigation.PopUpToBuilder origin=null
                value: CONST Boolean type=kotlin.Boolean value=true
          FUN LOCAL_FUNCTION_FOR_LAMBDA name:invokeSuspend$lambda$1 visibility:private modality:FINAL <> ($this$navigate:androidx.navigation.NavOptionsBuilder) returnType:kotlin.Unit?
            VALUE_PARAMETER name:$this$navigate index:0 type:androidx.navigation.NavOptionsBuilder
            BLOCK_BODY
              CALL 'public final fun popUpTo (route: kotlin.String, popUpToBuilder: @[ExtensionFunctionType] kotlin.Function1<androidx.navigation.PopUpToBuilder, kotlin.Unit>): kotlin.Unit declared in androidx.navigation.NavOptionsBuilder' type=kotlin.Unit origin=null
                $this: GET_VAR '$this$navigate: androidx.navigation.NavOptionsBuilder declared in com.jhacode.chitrini.ui.LandingScreenKt.LandingScreen.<no name provided>.invokeSuspend$lambda$1' type=androidx.navigation.NavOptionsBuilder origin=null
                route: CONST String type=kotlin.String value="landing"
                popUpToBuilder: BLOCK type=@[ExtensionFunctionType] kotlin.Function1<androidx.navigation.PopUpToBuilder, kotlin.Unit> origin=LAMBDA
                  COMPOSITE type=kotlin.Unit origin=null
                  CALL 'public final fun <jvm-indy> <T> (dynamicCall: T of kotlin.jvm.internal.<jvm-indy>, bootstrapMethodHandle: kotlin.Any, vararg bootstrapMethodArguments: kotlin.Any): T of kotlin.jvm.internal.<jvm-indy> declared in kotlin.jvm.internal' type=@[ExtensionFunctionType] kotlin.Function1<androidx.navigation.PopUpToBuilder, kotlin.Unit> origin=null
                    <T>: @[ExtensionFunctionType] kotlin.Function1<androidx.navigation.PopUpToBuilder, kotlin.Unit>
                    dynamicCall: CALL 'public final fun invoke (): @[ExtensionFunctionType] kotlin.Function1<androidx.navigation.PopUpToBuilder, kotlin.Unit> declared in kotlin.jvm.internal.invokeDynamic' type=@[ExtensionFunctionType] kotlin.Function1<androidx.navigation.PopUpToBuilder, kotlin.Unit> origin=null
                    bootstrapMethodHandle: CALL 'public final fun <jvm-method-handle> (tag: kotlin.Int, owner: kotlin.String, name: kotlin.String, descriptor: kotlin.String, isInterface: kotlin.Boolean): kotlin.Any declared in kotlin.jvm.internal' type=kotlin.Any origin=null
                      tag: CONST Int type=kotlin.Int value=6
                      owner: CONST String type=kotlin.String value="java/lang/invoke/LambdaMetafactory"
                      name: CONST String type=kotlin.String value="metafactory"
                      descriptor: CONST String type=kotlin.String value="(Ljava/lang/invoke/MethodHandles$Lookup;Ljava/lang/String;Ljava/lang/invoke/MethodType;Ljava/lang/invoke/MethodType;Ljava/lang/invoke/MethodHandle;Ljava/lang/invoke/MethodType;)Ljava/lang/invoke/CallSite;"
                      isInterface: CONST Boolean type=kotlin.Boolean value=false
                    bootstrapMethodArguments: VARARG type=kotlin.Array<kotlin.Any> varargElementType=kotlin.Any
                      CALL 'public final fun <jvm-original-method-type> (method: kotlin.Any): kotlin.Any declared in kotlin.jvm.internal' type=kotlin.Any origin=null
                        method: RAW_FUNCTION_REFERENCE 'public abstract fun invoke (p1: P1 of kotlin.Function1): R of kotlin.Function1 [operator] declared in kotlin.Function1' type=kotlin.Any
                      RAW_FUNCTION_REFERENCE 'private final fun invokeSuspend$lambda$1$lambda$0 ($this$popUpTo: androidx.navigation.PopUpToBuilder): kotlin.Unit? declared in com.jhacode.chitrini.ui.LandingScreenKt.LandingScreen.<no name provided>' type=kotlin.Any
                      CALL 'public final fun <jvm-original-method-type> (method: kotlin.Any): kotlin.Any declared in kotlin.jvm.internal' type=kotlin.Any origin=null
                        method: RAW_FUNCTION_REFERENCE 'public abstract fun invoke (p1: androidx.navigation.PopUpToBuilder): kotlin.Unit? [fake_override,operator] declared in kotlin.jvm.internal.invokeDynamic.<fake>' type=kotlin.Any
          FUN BRIDGE name:invoke visibility:public modality:OPEN <> ($this:com.jhacode.chitrini.ui.LandingScreenKt.LandingScreen.<no name provided>, p1:kotlin.Any?, p2:kotlin.Any?) returnType:kotlin.Any?
            $this: VALUE_PARAMETER INSTANCE_RECEIVER name:<this> type:com.jhacode.chitrini.ui.LandingScreenKt.LandingScreen.<no name provided>
            VALUE_PARAMETER BRIDGE name:p1 index:0 type:kotlin.Any?
            VALUE_PARAMETER BRIDGE name:p2 index:1 type:kotlin.Any?
            EXPRESSION_BODY
              RETURN type=kotlin.Nothing from='public open fun invoke (p1: kotlin.Any?, p2: kotlin.Any?): kotlin.Any? declared in com.jhacode.chitrini.ui.LandingScreenKt.LandingScreen.<no name provided>'
                CALL 'public final fun invoke (p1: kotlinx.coroutines.CoroutineScope, p2: kotlin.coroutines.Continuation<kotlin.Unit>?): kotlin.Any? declared in com.jhacode.chitrini.ui.LandingScreenKt.LandingScreen.<no name provided>' type=kotlin.Any? origin=BRIDGE_DELEGATION
                  $this: GET_VAR '<this>: com.jhacode.chitrini.ui.LandingScreenKt.LandingScreen.<no name provided> declared in com.jhacode.chitrini.ui.LandingScreenKt.LandingScreen.<no name provided>.invoke' type=com.jhacode.chitrini.ui.LandingScreenKt.LandingScreen.<no name provided> origin=null
                  p1: TYPE_OP type=kotlinx.coroutines.CoroutineScope origin=IMPLICIT_CAST typeOperand=kotlinx.coroutines.CoroutineScope
                    GET_VAR 'p1: kotlin.Any? declared in com.jhacode.chitrini.ui.LandingScreenKt.LandingScreen.<no name provided>.invoke' type=kotlin.Any? origin=null
                  p2: TYPE_OP type=kotlin.coroutines.Continuation<*> origin=IMPLICIT_CAST typeOperand=kotlin.coroutines.Continuation<*>
                    GET_VAR 'p2: kotlin.Any? declared in com.jhacode.chitrini.ui.LandingScreenKt.LandingScreen.<no name provided>.invoke' type=kotlin.Any? origin=null
        CONSTRUCTOR_CALL 'public/*package*/ constructor <init> ($scale: androidx.compose.animation.core.Animatable<kotlin.Float, androidx.compose.animation.core.AnimationVector1D>, $alpha: androidx.compose.animation.core.Animatable<kotlin.Float, androidx.compose.animation.core.AnimationVector1D>, $navController: androidx.navigation.NavController, $completion: kotlin.coroutines.Continuation<com.jhacode.chitrini.ui.LandingScreenKt.LandingScreen.<no name provided>>?) [primary] declared in com.jhacode.chitrini.ui.LandingScreenKt.LandingScreen.<no name provided>' type=com.jhacode.chitrini.ui.LandingScreenKt.LandingScreen.<no name provided> origin=null
          $scale: GET_VAR 'val scale: androidx.compose.animation.core.Animatable<kotlin.Float, androidx.compose.animation.core.AnimationVector1D> [val] declared in com.jhacode.chitrini.ui.LandingScreenKt.LandingScreen' type=androidx.compose.animation.core.Animatable<kotlin.Float, androidx.compose.animation.core.AnimationVector1D> origin=null
          $alpha: GET_VAR 'val alpha: androidx.compose.animation.core.Animatable<kotlin.Float, androidx.compose.animation.core.AnimationVector1D> [val] declared in com.jhacode.chitrini.ui.LandingScreenKt.LandingScreen' type=androidx.compose.animation.core.Animatable<kotlin.Float, androidx.compose.animation.core.AnimationVector1D> origin=null
          $navController: GET_VAR 'navController: androidx.navigation.NavController declared in com.jhacode.chitrini.ui.LandingScreenKt.LandingScreen' type=androidx.navigation.NavController origin=null
          $completion: CONST Null type=kotlin.Nothing? value=null
    CALL 'public final fun Box$default (modifier: androidx.compose.ui.Modifier?, contentAlignment: androidx.compose.ui.Alignment?, propagateMinConstraints: kotlin.Boolean, content: @[Composable] @[ExtensionFunctionType] kotlin.Function1<androidx.compose.foundation.layout.BoxScope, kotlin.Unit>, $mask0: kotlin.Int, $handler: kotlin.Any?): kotlin.Unit [inline] declared in androidx.compose.foundation.layout.BoxKt' type=kotlin.Unit origin=DEFAULT_DISPATCH_CALL
      modifier: CALL 'public final fun background$default (brush: androidx.compose.ui.graphics.Brush, shape: androidx.compose.ui.graphics.Shape?, alpha: kotlin.Float, $mask0: kotlin.Int, $handler: kotlin.Any?): androidx.compose.ui.Modifier declared in androidx.compose.foundation.BackgroundKt' type=androidx.compose.ui.Modifier origin=DEFAULT_DISPATCH_CALL
        $receiver: CALL 'public final fun fillMaxSize$default (fraction: kotlin.Float, $mask0: kotlin.Int, $handler: kotlin.Any?): androidx.compose.ui.Modifier declared in androidx.compose.foundation.layout.SizeKt' type=androidx.compose.ui.Modifier origin=DEFAULT_DISPATCH_CALL
          $receiver: GET_FIELD 'FIELD FIELD_FOR_OBJECT_INSTANCE name:Companion type:androidx.compose.ui.Modifier.Companion visibility:public [final,static] declared in androidx.compose.ui.Modifier' type=androidx.compose.ui.Modifier.Companion origin=null
          fraction: COMPOSITE type=kotlin.Float origin=DEFAULT_VALUE
            CONST Float type=kotlin.Float value=0.0
          $mask0: CONST Int type=kotlin.Int value=1
          $handler: CONST Null type=kotlin.Any? value=null
        brush: CALL 'public final fun verticalGradient-8A-3gB4$default ($this: androidx.compose.ui.graphics.Brush.Companion, colors: kotlin.collections.List<androidx.compose.ui.graphics.Color>, startY: kotlin.Float, endY: kotlin.Float, tileMode: androidx.compose.ui.graphics.TileMode, $mask0: kotlin.Int, $handler: kotlin.Any?): androidx.compose.ui.graphics.Brush declared in androidx.compose.ui.graphics.Brush.Companion' type=androidx.compose.ui.graphics.Brush origin=DEFAULT_DISPATCH_CALL
          $this: GET_FIELD 'FIELD FIELD_FOR_OBJECT_INSTANCE name:Companion type:androidx.compose.ui.graphics.Brush.Companion visibility:public [final,static] declared in androidx.compose.ui.graphics.Brush' type=androidx.compose.ui.graphics.Brush.Companion origin=null
          colors: CALL 'public final fun listOf <T> (vararg elements: T of kotlin.collections.CollectionsKt.listOf): kotlin.collections.List<T of kotlin.collections.CollectionsKt.listOf> declared in kotlin.collections.CollectionsKt' type=kotlin.collections.List<androidx.compose.ui.graphics.Color> origin=null
            <T>: androidx.compose.ui.graphics.Color
            elements: BLOCK type=kotlin.Array<out androidx.compose.ui.graphics.Color> origin=null
              VAR IR_TEMPORARY_VARIABLE name:tmp0 type:kotlin.Array<out androidx.compose.ui.graphics.Color> [val]
                CALL 'public final fun arrayOfNulls <T> (size: kotlin.Int): kotlin.Array<T of kotlin.arrayOfNulls?> declared in kotlin' type=kotlin.Array<out androidx.compose.ui.graphics.Color> origin=null
                  <T>: androidx.compose.ui.graphics.Color
                  size: CONST Int type=kotlin.Int value=2
              CALL 'public final fun set (index: kotlin.Int, value: T of kotlin.Array): kotlin.Unit [operator] declared in kotlin.Array' type=kotlin.Unit origin=null
                $this: GET_VAR 'val tmp0: kotlin.Array<out androidx.compose.ui.graphics.Color> [val] declared in com.jhacode.chitrini.ui.LandingScreenKt.LandingScreen' type=kotlin.Array<out androidx.compose.ui.graphics.Color> origin=null
                index: CONST Int type=kotlin.Int value=0
                value: CALL 'public final fun Color (color: kotlin.Long): androidx.compose.ui.graphics.Color declared in androidx.compose.ui.graphics.ColorKt' type=androidx.compose.ui.graphics.Color origin=null
                  color: CONST Long type=kotlin.Long value=4283510184
              CALL 'public final fun set (index: kotlin.Int, value: T of kotlin.Array): kotlin.Unit [operator] declared in kotlin.Array' type=kotlin.Unit origin=null
                $this: GET_VAR 'val tmp0: kotlin.Array<out androidx.compose.ui.graphics.Color> [val] declared in com.jhacode.chitrini.ui.LandingScreenKt.LandingScreen' type=kotlin.Array<out androidx.compose.ui.graphics.Color> origin=null
                index: CONST Int type=kotlin.Int value=1
                value: CALL 'public final fun Color (color: kotlin.Long): androidx.compose.ui.graphics.Color declared in androidx.compose.ui.graphics.ColorKt' type=androidx.compose.ui.graphics.Color origin=null
                  color: CONST Long type=kotlin.Long value=4287985101
              GET_VAR 'val tmp0: kotlin.Array<out androidx.compose.ui.graphics.Color> [val] declared in com.jhacode.chitrini.ui.LandingScreenKt.LandingScreen' type=kotlin.Array<out androidx.compose.ui.graphics.Color> origin=null
          startY: COMPOSITE type=kotlin.Float origin=DEFAULT_VALUE
            CONST Float type=kotlin.Float value=0.0
          endY: COMPOSITE type=kotlin.Float origin=DEFAULT_VALUE
            CONST Float type=kotlin.Float value=0.0
          tileMode: COMPOSITE type=androidx.compose.ui.graphics.TileMode origin=DEFAULT_VALUE
            CALL 'public final fun <unsafe-coerce> <T, R> (v: T of kotlin.jvm.internal.<unsafe-coerce>): R of kotlin.jvm.internal.<unsafe-coerce> declared in kotlin.jvm.internal' type=androidx.compose.ui.graphics.TileMode origin=null
              <T>: kotlin.Int
              <R>: androidx.compose.ui.graphics.TileMode
              v: CONST Int type=kotlin.Int value=0
          $mask0: CONST Int type=kotlin.Int value=14
          $handler: CONST Null type=kotlin.Any? value=null
        shape: COMPOSITE type=androidx.compose.ui.graphics.Shape? origin=DEFAULT_VALUE
          CONST Null type=androidx.compose.ui.graphics.Shape? value=null
        alpha: COMPOSITE type=kotlin.Float origin=DEFAULT_VALUE
          CONST Float type=kotlin.Float value=0.0
        $mask0: CONST Int type=kotlin.Int value=6
        $handler: CONST Null type=kotlin.Any? value=null
      contentAlignment: CALL 'public final fun <get-Center> (): androidx.compose.ui.Alignment declared in androidx.compose.ui.Alignment.Companion' type=androidx.compose.ui.Alignment origin=GET_PROPERTY
        $this: GET_FIELD 'FIELD FIELD_FOR_OBJECT_INSTANCE name:Companion type:androidx.compose.ui.Alignment.Companion visibility:public [final,static] declared in androidx.compose.ui.Alignment' type=androidx.compose.ui.Alignment.Companion origin=null
      propagateMinConstraints: COMPOSITE type=kotlin.Boolean origin=DEFAULT_VALUE
        CONST Boolean type=kotlin.Boolean value=false
      content: BLOCK type=@[ExtensionFunctionType] kotlin.Function1<androidx.compose.foundation.layout.BoxScope, kotlin.Unit> origin=LAMBDA
        COMPOSITE type=kotlin.Unit origin=null
        FUNCTION_REFERENCE 'private final fun LandingScreen$lambda$3 (): kotlin.Unit declared in com.jhacode.chitrini.ui.LandingScreenKt' type=@[ExtensionFunctionType] kotlin.Function1<androidx.compose.foundation.layout.BoxScope, kotlin.Unit> origin=INLINE_LAMBDA reflectionTarget=null
      $mask0: CONST Int type=kotlin.Int value=4
      $handler: CONST Null type=kotlin.Any? value=null

	at org.jetbrains.kotlin.backend.jvm.codegen.FunctionCodegen.generate(FunctionCodegen.kt:47)
	at org.jetbrains.kotlin.backend.jvm.codegen.FunctionCodegen.generate$default(FunctionCodegen.kt:40)
	at org.jetbrains.kotlin.backend.jvm.codegen.ClassCodegen.generateMethodNode(ClassCodegen.kt:406)
	at org.jetbrains.kotlin.backend.jvm.codegen.ClassCodegen.generateMethod(ClassCodegen.kt:423)
	at org.jetbrains.kotlin.backend.jvm.codegen.ClassCodegen.generate(ClassCodegen.kt:168)
	at org.jetbrains.kotlin.backend.jvm.FileCodegen.lower(JvmPhases.kt:39)
	at org.jetbrains.kotlin.backend.common.phaser.PhaseFactoriesKt.createFilePhase$lambda$4(PhaseFactories.kt:71)
	at org.jetbrains.kotlin.backend.common.phaser.PhaseBuildersKt$createSimpleNamedCompilerPhase$1.phaseBody(PhaseBuilders.kt:69)
	at org.jetbrains.kotlin.backend.common.phaser.SimpleNamedCompilerPhase.phaseBody(CompilerPhase.kt:226)
	at org.jetbrains.kotlin.backend.common.phaser.AbstractNamedCompilerPhase.invoke(CompilerPhase.kt:113)
	at org.jetbrains.kotlin.backend.common.phaser.PerformByIrFilePhase.invokeSequential(performByIrFile.kt:62)
	... 43 more
Caused by: org.jetbrains.kotlin.codegen.CompilationException: Back-end (JVM) Internal error: Couldn't inline method call: CALL 'public final fun remember <T> (calculation: @[DisallowComposableCalls] kotlin.Function0<T of androidx.compose.runtime.ComposablesKt.remember>): T of androidx.compose.runtime.ComposablesKt.remember [inline] declared in androidx.compose.runtime.ComposablesKt' type=androidx.compose.animation.core.Animatable<kotlin.Float, androidx.compose.animation.core.AnimationVector1D> origin=null
Method: null
File is unknown
The root cause java.lang.IllegalStateException was thrown at: org.jetbrains.kotlin.codegen.inline.SourceCompilerForInlineKt.getMethodNode(SourceCompilerForInline.kt:118)
	at org.jetbrains.kotlin.codegen.inline.InlineCodegen.performInline(InlineCodegen.kt:65)
	at org.jetbrains.kotlin.backend.jvm.codegen.IrInlineCodegen.genInlineCall(IrInlineCodegen.kt:163)
	at org.jetbrains.kotlin.backend.jvm.codegen.IrInlineCallGenerator.genCall(IrInlineCallGenerator.kt:36)
	at org.jetbrains.kotlin.backend.jvm.codegen.ExpressionCodegen.visitCall(ExpressionCodegen.kt:653)
	at org.jetbrains.kotlin.backend.jvm.codegen.ExpressionCodegen.visitCall(ExpressionCodegen.kt:138)
	at org.jetbrains.kotlin.ir.expressions.IrCall.accept(IrCall.kt:24)
	at org.jetbrains.kotlin.backend.jvm.codegen.ExpressionCodegen.visitVariable(ExpressionCodegen.kt:790)
	at org.jetbrains.kotlin.backend.jvm.codegen.ExpressionCodegen.visitVariable(ExpressionCodegen.kt:138)
	at org.jetbrains.kotlin.ir.declarations.IrVariable.accept(IrVariable.kt:36)
	at org.jetbrains.kotlin.backend.jvm.codegen.ExpressionCodegen.visitStatementContainer(ExpressionCodegen.kt:579)
	at org.jetbrains.kotlin.backend.jvm.codegen.ExpressionCodegen.visitBlockBody(ExpressionCodegen.kt:584)
	at org.jetbrains.kotlin.backend.jvm.codegen.ExpressionCodegen.visitBlockBody(ExpressionCodegen.kt:138)
	at org.jetbrains.kotlin.ir.expressions.IrBlockBody.accept(IrBlockBody.kt:20)
	at org.jetbrains.kotlin.backend.jvm.codegen.ExpressionCodegen.generate(ExpressionCodegen.kt:240)
	at org.jetbrains.kotlin.backend.jvm.codegen.FunctionCodegen.doGenerate(FunctionCodegen.kt:123)
	at org.jetbrains.kotlin.backend.jvm.codegen.FunctionCodegen.generate(FunctionCodegen.kt:44)
	... 53 more
Caused by: java.lang.IllegalStateException: couldn't find inline method Landroidx/compose/runtime/ComposablesKt;.remember(Lkotlin/jvm/functions/Function0;)Ljava/lang/Object;
	at org.jetbrains.kotlin.codegen.inline.SourceCompilerForInlineKt.getMethodNode(SourceCompilerForInline.kt:118)
	at org.jetbrains.kotlin.codegen.inline.SourceCompilerForInlineKt.loadCompiledInlineFunction(SourceCompilerForInline.kt:96)
	at org.jetbrains.kotlin.backend.jvm.codegen.IrSourceCompilerForInline.compileInlineFunction(IrSourceCompilerForInline.kt:91)
	at org.jetbrains.kotlin.codegen.inline.InlineCodegen.compileInline(InlineCodegen.kt:43)
	at org.jetbrains.kotlin.codegen.inline.InlineCodegen.performInline(InlineCodegen.kt:51)
	... 68 more


